n/1589585783180.jpg
n/1589585783179.jpg
n/1589585783178.jpg
n/1589585783176.jpg
n/1589585783175.jpg
n/1589585783173.jpg
n/1589585783172.jpg
n/1589585783170.jpg
n/1589585783169.jpg
n/1589585783167.jpg
n/1589585783166.jpg
n/1589585783164.jpg
n/1589585783162.jpg
n/1589585783160.jpg
n/1589585783159.jpg
n/1589585783157.jpg
n/1589585783155.jpg
n/1589585783154.jpg
n/1589585783152.jpg
n/1589585783150.jpg
n/1589585783148.jpg
n/1589585783146.jpg
n/1589585783144.jpg
n/1589585783142.jpg
n/1589585783139.jpg
n/1589585783137.jpg
n/1589585783135.jpg
n/1589585783133.jpg
n/1589585783131.jpg
n/1589585783129.jpg
n/1589585783126.jpg
n/1589585783124.jpg
n/1589585783122.jpg
n/1589585783120.jpg
n/1589585783118.jpg
n/1589585783116.jpg
n/1589585783115.jpg
n/1589585783113.jpg
n/1589585783110.jpg
n/1589585783108.jpg
n/1589585783106.jpg
n/1589585783104.jpg
n/1589585783102.jpg
n/1589585783099.jpg
n/1589585783097.jpg
n/1589585776398.jpg
n/1589585776397.jpg
n/1589585776395.jpg
n/1589585776394.jpg
n/1589585776392.jpg
n/1589585776390.jpg
n/1589585776389.jpg
n/1589585776387.jpg
n/1589585776385.jpg
n/1589585776383.jpg
n/1589585776381.jpg
n/1589585776379.jpg
n/1589585776377.jpg
n/1589585776375.jpg
n/1589585776370.jpg
n/1589585776365.jpg
n/1589585776362.jpg
n/1589585770577.jpg
n/1589585770543.jpg
n/1589585760728.jpg
n/1589585744464.jpg
n/1589585738958.jpg
n/1589585738942.jpg
n/1589585733348.jpg
n/1589585733347.jpg
n/1589585733345.jpg
n/1589585733344.jpg
n/1589585733343.jpg
n/1589585733342.jpg
n/1589585733340.jpg
n/1589585733339.jpg
n/1589585733338.jpg
n/1589585733336.jpg
n/1589585733335.jpg
n/1589585733334.jpg
n/1589585733332.jpg
n/1589585733331.jpg
n/1589585733329.jpg
n/1589585733328.jpg
n/1589585733326.jpg
n/1589585733324.jpg
n/1589585733322.jpg
n/1589585733321.jpg
n/1589585733319.jpg
n/1589585733317.jpg
n/1589585733316.jpg
n/1589585733314.jpg
n/1589585733313.jpg
n/1589585733311.jpg
n/1589585733310.jpg
n/1589585733309.jpg
n/1589585733307.jpg
n/1589585733306.jpg
n/1589585733304.jpg
n/1589585733303.jpg
n/1589585733302.jpg
n/1589585733300.jpg
n/1589585733299.jpg
n/1589585733297.jpg
n/1589585733296.jpg
n/1589585733294.jpg
n/1589585733293.jpg
n/1589585733291.jpg
n/1589585733290.jpg
n/1589585733288.jpg
n/1589585733287.jpg
n/1589585733285.jpg
n/1589585733284.jpg
n/1589585733282.jpg
n/1589585733280.jpg
n/1589585733279.jpg
n/1589585733277.jpg
n/1589585733275.jpg
n/1589585733273.jpg
n/1589585733272.jpg
n/1589585733270.jpg
n/1589585733268.jpg
n/1589585733266.jpg
n/1589585733264.jpg
n/1589585733261.jpg
n/1589585733258.jpg
n/1589585733255.jpg
n/1589585733253.jpg
n/1589585733251.jpg
n/1589585733248.jpg
n/1589585733245.jpg
n/1589585733243.jpg
n/1589585733240.jpg
n/1589585733238.jpg
n/1589585733236.jpg
n/1589585733233.jpg
n/1589585733231.jpg
n/1589585733229.jpg
n/1589585733227.jpg
n/1589585733225.jpg
n/1589585733222.jpg
n/15T174845.148.jpg
n/15T174844.842.jpg
n/1589585354297.jpg
n/1589585733220.jpg
n/1589585733218.jpg
n/1589585733216.jpg
n/1589585733213.jpg
n/1589585733210.jpg
n/1589585733208.jpg
n/1589585727875.jpg
n/1589585727844.jpg
n/1589585722034.jpg
n/1589585722003.jpg
n/1589585714336.jpg
n/1589585714335.jpg
n/1589585714333.jpg
n/1589585714332.jpg
n/1589585714330.jpg
n/1589585714328.jpg
n/1589585714326.jpg
n/1589585714325.jpg
n/1589585714323.jpg
n/1589585714322.jpg
n/1589585714318.jpg
n/1589585714316.jpg
n/1589585714314.jpg
n/1589585714313.jpg
n/1589585714311.jpg
n/1589585714309.jpg
n/1589585714307.jpg
n/1589585714305.jpg
n/1589585714304.jpg
n/1589585714302.jpg
n/1589585714298.jpg
n/1589585714296.jpg
n/1589585714295.jpg
n/1589585714293.jpg
n/1589585714291.jpg
n/1589585714289.jpg
n/1589585714287.jpg
n/1589585714285.jpg
n/1589585714283.jpg
n/1589585714282.jpg
n/1589585714278.jpg
n/1589585714276.jpg
n/1589585714274.jpg
n/1589585714273.jpg
n/1589585714271.jpg
n/1589585714269.jpg
n/1589585714267.jpg
n/1589585714265.jpg
n/1589585714263.jpg
n/1589585714261.jpg
n/1589585714258.jpg
n/1589585714256.jpg
n/1589585714254.jpg
n/1589585714252.jpg
n/1589585714250.jpg
n/1589585714248.jpg
n/1589585714246.jpg
n/1589585714244.jpg
n/1589585714242.jpg
n/1589585714239.jpg
n/1589585714235.jpg
n/1589585714233.jpg
n/1589585714231.jpg
n/1589585714229.jpg
n/1589585714227.jpg
n/1589585714225.jpg
n/1589585714223.jpg
n/1589585714220.jpg
n/1589585714218.jpg
n/1589585707683.jpg
n/1589585701829.jpg
n/1589585701813.jpg
n/1589585701782.jpg
n/1589585695340.jpg
n/1589585695324.jpg
n/1589585688011.jpg
n/1589585687964.jpg
n/1589585680383.jpg
n/1589585680368.jpg
n/1589585673640.jpg
n/1589585667245.jpg
n/1589585660230.jpg
n/1589585610600.jpg
n/1589585610584.jpg
n/1589585354289.jpg
n/1589585478070.jpg
n/1589585783190.jpg
n/1589585478055.jpg
n/1589585783189.jpg
n/1589585399669.jpg
n/1589585354287.jpg
n/1589585354283.jpg
n/1589585399653.jpg
n/1589585783187.jpg
n/1589585354298.jpg
n/1589585783186.jpg
n/1589585354295.jpg
n/1589585354272.jpg
n/1589585714448.jpg
n/1589585354267.jpg
n/1589585714320.jpg
n/1589585714300.jpg
n/1589585354279.jpg
n/1589585354262.jpg
n/1589585714280.jpg
n/1589585354275.jpg
n/1589585714259.jpg
n/1589585783185.jpg
n/1589585714237.jpg
n/1589585707667.jpg
n/1589585673625.jpg
n/1589585354292.jpg
n/images.jpg
n/1589585783183.jpg
n/9k_.jpg
n/1589585354258.jpg
n/1589585783182.jpg
n/Z.jpg
n/2Q__.jpg