p/1589585873181.jpg 1 0 0 247 204
p/1589585873180.jpg 1 0 0 225 225
p/1589585873178.jpg 1 0 0 204 247
p/1589585873177.jpg 1 0 0 225 225
p/1589585873176.jpg 1 0 0 259 194
p/1589585873174.jpg 1 0 0 225 225
p/1589585873173.jpg 1 0 0 202 250
p/1589585873171.jpg 1 0 0 259 194
p/1589585873170.jpg 1 0 0 190 266
p/1589585873169.jpg 1 0 0 242 208
p/1589585873167.jpg 1 0 0 194 260
p/1589585873166.jpg 1 0 0 294 172
p/1589585873164.jpg 1 0 0 246 205
p/1589585873162.jpg 1 0 0 347 145
p/1589585873161.jpg 1 0 0 260 194
p/1589585866756.jpg 1 0 0 225 225
p/1589585866740.jpg 1 0 0 300 168
p/1589585866709.jpg 1 0 0 270 186
p/1589585861448.jpg 1 0 0 274 184
p/1589585861447.jpg 1 0 0 225 225
p/1589585861445.jpg 1 0 0 202 250
p/1589585861443.jpg 1 0 0 225 225
p/1589585861442.jpg 1 0 0 286 176
p/1589585861440.jpg 1 0 0 299 168
p/1589585861438.jpg 1 0 0 299 168
p/1589585861437.jpg 1 0 0 259 194
p/1589585861435.jpg 1 0 0 259 194
p/1589585861433.jpg 1 0 0 424 119
p/1589585861432.jpg 1 0 0 316 159
p/1589585861430.jpg 1 0 0 308 163
p/1589585861429.jpg 1 0 0 271 186
p/1589585861428.jpg 1 0 0 166 303
p/1589585861426.jpg 1 0 0 225 225
p/1589585861425.jpg 1 0 0 225 225
p/1589585861424.jpg 1 0 0 201 251
p/1589585861422.jpg 1 0 0 275 183
p/1589585861421.jpg 1 0 0 225 225
p/1589585861419.jpg 1 0 0 280 180
p/1589585861417.jpg 1 0 0 299 168
p/1589585861416.jpg 1 0 0 297 170
p/1589585861414.jpg 1 0 0 276 183
p/1589585861412.jpg 1 0 0 299 169
p/1589585861411.jpg 1 0 0 224 225
p/1589585861409.jpg 1 0 0 343 147
p/1589585861407.jpg 1 0 0 304 166
p/1589585861406.jpg 1 0 0 300 168
p/1589585861404.jpg 1 0 0 225 225
p/1589585861403.jpg 1 0 0 210 240
p/1589585861401.jpg 1 0 0 275 183
p/1589585861399.jpg 1 0 0 225 225
p/1589585861398.jpg 1 0 0 266 189
p/1589585861396.jpg 1 0 0 300 168
p/1589585861395.jpg 1 0 0 225 225
p/1589585861393.jpg 1 0 0 275 183
p/1589585861391.jpg 1 0 0 259 194
p/1589585861390.jpg 1 0 0 259 194
p/1589585861388.jpg 1 0 0 301 167
p/1589585861387.jpg 1 0 0 300 168
p/1589585861386.jpg 1 0 0 259 194
p/1589585861384.jpg 1 0 0 225 225
p/1589585861383.jpg 1 0 0 195 258
p/1589585861382.jpg 1 0 0 318 159
p/1589585861380.jpg 1 0 0 354 142
p/1589585861379.jpg 1 0 0 225 225
p/1589585861377.jpg 1 0 0 290 174
p/1589585861376.jpg 1 0 0 225 225
p/1589585861374.jpg 1 0 0 225 225
p/1589585861373.jpg 1 0 0 225 225
p/1589585861372.jpg 1 0 0 225 225
p/1589585861370.jpg 1 0 0 354 142
p/1589585861368.jpg 1 0 0 260 194
p/1589585861367.jpg 1 0 0 268 188
p/1589585861365.jpg 1 0 0 225 225
p/1589585855227.jpg 1 0 0 290 174
p/1589585855180.jpg 1 0 0 259 194
p/1589585849543.jpg 1 0 0 318 159
p/1589585849496.jpg 1 0 0 285 177
p/1589585844060.jpg 1 0 0 225 225
p/1589585844045.jpg 1 0 0 259 194
p/1589585837299.jpg 1 0 0 259 194
p/1589585837298.jpg 1 0 0 225 225
p/1589585837297.jpg 1 0 0 276 183
p/1589585837296.jpg 1 0 0 225 225
p/1589585837293.jpg 1 0 0 259 194
p/1589585837292.jpg 1 0 0 284 177
p/1589585837290.jpg 1 0 0 298 169
p/1589585837288.jpg 1 0 0 194 260
p/1589585837287.jpg 1 0 0 268 188
p/1589585837285.jpg 1 0 0 259 194
p/1589585837283.jpg 1 0 0 208 243
p/1589585837282.jpg 1 0 0 284 177
p/1589585837280.jpg 1 0 0 314 160
p/1589585837278.jpg 1 0 0 225 225
p/1589585837277.jpg 1 0 0 269 187
p/1589585837276.jpg 1 0 0 275 183
p/1589585837274.jpg 1 0 0 225 225
p/1589585837273.jpg 1 0 0 275 183
p/1589585837271.jpg 1 0 0 314 161
p/1589585837270.jpg 1 0 0 275 183
p/1589585837269.jpg 1 0 0 327 154
p/1589585837267.jpg 1 0 0 262 192
p/1589585837266.jpg 1 0 0 275 183
p/1589585837264.jpg 1 0 0 324 155
p/1589585837263.jpg 1 0 0 392 128
p/1589585837261.jpg 1 0 0 259 194
p/1589585837260.jpg 1 0 0 185 273
p/1589585837258.jpg 1 0 0 225 225
p/1589585837257.jpg 1 0 0 225 225
p/1589585837255.jpg 1 0 0 294 171
p/1589585837253.jpg 1 0 0 225 225
p/1589585837251.jpg 1 0 0 264 191
p/1589585837250.jpg 1 0 0 259 194
p/1589585837248.jpg 1 0 0 259 194
p/1589585837246.jpg 1 0 0 259 194
p/1589585837244.jpg 1 0 0 225 225
p/1589585837242.jpg 1 0 0 300 168
p/1589585837241.jpg 1 0 0 225 225
p/1589585837239.jpg 1 0 0 225 225
p/1589585837237.jpg 1 0 0 300 168
p/1589585837235.jpg 1 0 0 300 168
p/1589585837233.jpg 1 0 0 281 180
p/1589585837231.jpg 1 0 0 225 225
p/1589585837229.jpg 1 0 0 194 259
p/1589585837228.jpg 1 0 0 210 240
p/1589585837226.jpg 1 0 0 268 188
p/1589585837224.jpg 1 0 0 300 168
p/1589585837222.jpg 1 0 0 261 193
p/1589585837220.jpg 1 0 0 355 142
p/1589585837218.jpg 1 0 0 238 212
p/1589585837216.jpg 1 0 0 210 210
p/1589585837214.jpg 1 0 0 267 189
p/1589585837211.jpg 1 0 0 316 159
p/1589585837208.jpg 1 0 0 259 194
p/1589585837204.jpg 1 0 0 261 193
p/1589585837201.jpg 1 0 0 259 194
p/1589585837197.jpg 1 0 0 300 168
p/1589585837193.jpg 1 0 0 197 255
p/1589585837189.jpg 1 0 0 225 225
p/1589585837186.jpg 1 0 0 299 169
p/1589585831349.jpg 1 0 0 296 170
p/1589585831338.jpg 1 0 0 260 194
p/1589585831336.jpg 1 0 0 300 168
p/1589585831335.jpg 1 0 0 294 172
p/1589585831333.jpg 1 0 0 258 196
p/1589585831331.jpg 1 0 0 259 194
p/1589585831330.jpg 1 0 0 293 172
p/1589585831328.jpg 1 0 0 347 145
p/1589585831327.jpg 1 0 0 318 159
p/1589585831325.jpg 1 0 0 200 252
p/1589585831323.jpg 1 0 0 296 170
p/1589585831322.jpg 1 0 0 257 196
p/1589585831320.jpg 1 0 0 308 163
p/1589585831318.jpg 1 0 0 195 258
p/1589585831317.jpg 1 0 0 291 173
p/1589585831315.jpg 1 0 0 221 228
p/1589585831314.jpg 1 0 0 259 194
p/1589585831313.jpg 1 0 0 275 183
p/1589585831312.jpg 1 0 0 330 153
p/1589585831311.jpg 1 0 0 358 141
p/1589585831310.jpg 1 0 0 305 165
p/1589585831309.jpg 1 0 0 225 225
p/1589585831307.jpg 1 0 0 300 168
p/1589585831306.jpg 1 0 0 189 267
p/1589585831305.jpg 1 0 0 291 173
p/1589585831304.jpg 1 0 0 225 225
p/1589585831303.jpg 1 0 0 191 263
p/1589585831301.jpg 1 0 0 276 183
p/1589585831300.jpg 1 0 0 251 201
p/1589585831299.jpg 1 0 0 225 225
p/1589585831298.jpg 1 0 0 300 168
p/1589585831297.jpg 1 0 0 348 145
p/1589585831296.jpg 1 0 0 300 168
p/1589585831294.jpg 1 0 0 276 183
p/1589585831293.jpg 1 0 0 275 183
p/1589585831292.jpg 1 0 0 299 169
p/1589585831291.jpg 1 0 0 225 225
p/1589585831290.jpg 1 0 0 225 225
p/1589585831289.jpg 1 0 0 298 169
p/1589585831287.jpg 1 0 0 300 168
p/1589585831286.jpg 1 0 0 311 162
p/1589585831285.jpg 1 0 0 275 183
p/1589585831284.jpg 1 0 0 225 225
p/1589585831283.jpg 1 0 0 284 177
p/1589585808490.jpg 1 0 0 225 225
p/1589585831280.jpg 1 0 0 294 172
p/1589585831279.jpg 1 0 0 238 212
p/1589585831278.jpg 1 0 0 299 168
p/1589585831277.jpg 1 0 0 243 207
p/1589585831276.jpg 1 0 0 277 182
p/1589585831274.jpg 1 0 0 275 183
p/1589585831273.jpg 1 0 0 304 166
p/1589585831271.jpg 1 0 0 300 168
p/1589585831270.jpg 1 0 0 301 167
p/1589585831268.jpg 1 0 0 298 169
p/1589585831265.jpg 1 0 0 253 200
p/1589585831263.jpg 1 0 0 369 136
p/1589585831262.jpg 1 0 0 246 205
p/1589585831260.jpg 1 0 0 281 180
p/1589585831259.jpg 1 0 0 194 260
p/1589585831257.jpg 1 0 0 312 162
p/1589585831256.jpg 1 0 0 100 100
p/1589585831255.jpg 1 0 0 100 100
p/images.png 1 0 0 100 100
p/1589585831252.jpg 1 0 0 225 225
p/1589585831251.jpg 1 0 0 186 270
p/1589585831249.jpg 1 0 0 199 253
p/1589585831248.jpg 1 0 0 300 168
p/1589585831246.jpg 1 0 0 300 168
p/1589585831245.jpg 1 0 0 299 168
p/1589585831244.jpg 1 0 0 273 185
p/1589585831242.jpg 1 0 0 293 172
p/1589585831241.jpg 1 0 0 265 190
p/1589585831238.jpg 1 0 0 300 168
p/1589585831236.jpg 1 0 0 299 168
p/1589585831235.jpg 1 0 0 259 194
p/1589585831233.jpg 1 0 0 355 142
p/1589585831231.jpg 1 0 0 312 162
p/1589585831230.jpg 1 0 0 225 225
p/1589585831228.jpg 1 0 0 275 183
p/1589585831226.jpg 1 0 0 225 225
p/1589585831225.jpg 1 0 0 267 189
p/1589585831224.jpg 1 0 0 100 100
p/1589585831221.jpg 1 0 0 100 100
p/1589585831219.jpg 1 0 0 100 100
p/1589585831218.jpg 1 0 0 300 168
p/1589585831217.jpg 1 0 0 299 169
p/1589585831215.jpg 1 0 0 310 162
p/1589585831214.jpg 1 0 0 308 164
p/1589585831212.jpg 1 0 0 283 178
p/1589585831211.jpg 1 0 0 288 175
p/1589585831209.jpg 1 0 0 310 163
p/1589585831207.jpg 1 0 0 300 168
p/1589585831204.jpg 1 0 0 210 240
p/1589585831202.jpg 1 0 0 340 148
p/1589585831200.jpg 1 0 0 268 188
p/1589585831176.jpg 1 0 0 166 303
p/1589585831175.jpg 1 0 0 314 161
p/1589585831173.jpg 1 0 0 287 176
p/1589585831172.jpg 1 0 0 243 208
p/1589585831170.jpg 1 0 0 225 225
p/1589585831169.jpg 1 0 0 299 168
p/1589585831168.jpg 1 0 0 275 183
p/1589585831165.jpg 1 0 0 290 174
p/1589585831164.jpg 1 0 0 300 168
p/1589585831162.jpg 1 0 0 305 165
p/1589585831161.jpg 1 0 0 300 168
p/1589585831160.jpg 1 0 0 225 225
p/1589585831158.jpg 1 0 0 100 100
p/1589585831157.jpg 1 0 0 306 165
p/1589585831155.jpg 1 0 0 225 225
p/1589585831152.jpg 1 0 0 266 189
p/1589585831150.jpg 1 0 0 276 183
p/1589585825758.jpg 1 0 0 316 160
p/1589585825711.jpg 1 0 0 259 194
p/1589585820523.jpg 1 0 0 268 188
p/1589585820507.jpg 1 0 0 299 168
p/1589585820461.jpg 1 0 0 300 168
p/1589585814542.jpg 1 0 0 278 181
p/1589585814495.jpg 1 0 0 300 168
p/1589585808503.jpg 1 0 0 259 194
p/1589585808500.jpg 1 0 0 281 180
p/1589585808498.jpg 1 0 0 260 163
p/1589585808497.jpg 1 0 0 275 183
p/1589585808495.jpg 1 0 0 300 168
p/1589585808494.jpg 1 0 0 266 190
p/1589585873190.jpg 1 0 0 275 183
p/1589585808493.jpg 1 0 0 225 225
p/1589585873189.jpg 1 0 0 259 194
p/1589585808491.jpg 1 0 0 262 193
p/1589585808484.jpg 1 0 0 201 251
p/1589585808488.jpg 1 0 0 285 177
p/1589585795993.jpg 1 0 0 275 183
p/1589585831267.jpg 1 0 0 187 269
p/1589585873188.jpg 1 0 0 258 195
p/1589585831253.jpg 1 0 0 277 182
p/1589585873187.jpg 1 0 0 299 168
p/1589585831240.jpg 1 0 0 300 168
p/1589585808483.jpg 1 0 0 276 183
p/1589585873185.jpg 1 0 0 296 170
p/1589585795978.jpg 1 0 0 275 183
p/1589585831222.jpg 1 0 0 275 183
p/1589585808467.jpg 1 0 0 292 173
p/1589585831206.jpg 1 0 0 191 263
p/1589585803009.jpg 1 0 0 259 194
p/1589585831166.jpg 1 0 0 300 168
p/1589585789396.jpg 1 0 0 300 168
p/1589585831154.jpg 1 0 0 299 168
p/1589585789349.jpg 1 0 0 274 184
p/1589585808501.jpg 1 0 0 100 100
p/1589585808487.jpg 1 0 0 100 100
p/images.jpg 1 0 0 100 100
p/1589585783399.jpg 1 0 0 277 182
p/1589585873184.jpg 1 0 0 275 183
p/1589585873182.jpg 1 0 0 299 168
p/2Q__.jpg 1 0 0 245 206
p/1589585802962.jpg 1 0 0 306 165
p/9k_.jpg 1 0 0 291 173
p/1589585831281.jpg 1 0 0 300 168
p/1589585796009.jpg 1 0 0 275 183
p/1589585808486.jpg 1 0 0 201 251